<?xml version="1.0" encoding="UTF-8"?>
<!-- Generated by org.testng.reporters.JUnitReportReporter -->
<testsuite hostname="Jacob" failures="0" tests="2" name="com.mystore.testscripts.SearchResultPageTest" time="19.452" errors="0" timestamp="2024-02-08T20:50:10 IST" skipped="0">
  <testcase classname="com.mystore.testscripts.SearchResultPageTest" name="checkNoOfProduct" time="11.999"/>
  <testcase classname="com.mystore.testscripts.SearchResultPageTest" name="checkProductAvailability" time="7.453"/>
</testsuite> <!-- com.mystore.testscripts.SearchResultPageTest -->
