<?xml version="1.0" encoding="UTF-8"?>
<!-- Generated by org.testng.reporters.JUnitReportReporter -->
<testsuite hostname="Jacob" failures="0" tests="1" name="com.mystore.utility.ReadExcelFile" time="1.012" errors="0" timestamp="2024-02-10T23:28:51 IST" skipped="0">
  <testcase classname="com.mystore.utility.ReadExcelFile" name="readExcel" time="1.012"/>
</testsuite> <!-- com.mystore.utility.ReadExcelFile -->
