<?xml version="1.0" encoding="UTF-8"?>
<!-- Generated by org.testng.reporters.JUnitReportReporter -->
<testsuite hostname="Jacob" failures="0" tests="2" name="com.mystore.testscripts.SearchResultPageTest" time="15.355" errors="0" timestamp="2024-02-19T20:04:01 IST" skipped="0">
  <testcase classname="com.mystore.testscripts.SearchResultPageTest" name="checkNoOfProduct" time="6.942"/>
  <testcase classname="com.mystore.testscripts.SearchResultPageTest" name="checkProductAvailability" time="8.413"/>
</testsuite> <!-- com.mystore.testscripts.SearchResultPageTest -->
