<?xml version="1.0" encoding="UTF-8"?>
<!-- Generated by org.testng.reporters.JUnitReportReporter -->
<testsuite hostname="Jacob" failures="0" tests="1" name="com.mystore.testscripts.SearchResultPage" time="74.336" errors="0" timestamp="2024-02-08T17:40:21 IST" skipped="0">
  <testcase classname="com.mystore.testscripts.SearchResultPage" name="checkProductAvailability" time="74.336"/>
</testsuite> <!-- com.mystore.testscripts.SearchResultPage -->
