<?xml version="1.0" encoding="UTF-8"?>
<!-- Generated by org.testng.reporters.JUnitReportReporter -->
<testsuite hostname="Jacob" failures="0" tests="4" name="com.mystore.testscripts.IndexPageTest" time="28.391" errors="0" timestamp="2024-02-21T12:28:16 IST" skipped="0">
  <testcase classname="com.mystore.testscripts.IndexPageTest" name="verifyRegisterUserBtn" time="9.062"/>
  <testcase classname="com.mystore.testscripts.IndexPageTest" name="verifyTitle" time="6.528"/>
  <testcase classname="com.mystore.testscripts.IndexPageTest" name="verifyLogo" time="6.188"/>
  <testcase classname="com.mystore.testscripts.IndexPageTest" name="verifySignInbtn" time="6.613"/>
</testsuite> <!-- com.mystore.testscripts.IndexPageTest -->
