<?xml version="1.0" encoding="UTF-8"?>
<!-- Generated by org.testng.reporters.JUnitReportReporter -->
<testsuite hostname="Jacob" failures="0" tests="2" name="com.mystore.testscripts.LoginPageTest" time="18.182" errors="0" timestamp="2024-02-08T20:26:52 IST" skipped="0">
  <testcase classname="com.mystore.testscripts.LoginPageTest" name="loginTest" time="10.641"/>
  <testcase classname="com.mystore.testscripts.LoginPageTest" name="verifyNewAccount" time="7.541"/>
</testsuite> <!-- com.mystore.testscripts.LoginPageTest -->
