<?xml version="1.0" encoding="UTF-8"?>
<!-- Generated by org.testng.reporters.JUnitReportReporter -->
<testsuite hostname="Jacob" failures="0" tests="1" name="com.mystore.testscripts.CheckoutPageTest" time="28.695" errors="0" timestamp="2024-02-21T12:28:16 IST" skipped="0">
  <testcase classname="com.mystore.testscripts.CheckoutPageTest" name="toPaymentPage" time="28.695"/>
</testsuite> <!-- com.mystore.testscripts.CheckoutPageTest -->
