<?xml version="1.0" encoding="UTF-8"?>
<!-- Generated by org.testng.reporters.JUnitReportReporter -->
<testsuite hostname="Jacob" failures="0" tests="1" name="com.mystore.dataprovider.DataProviders" time="0.991" errors="0" timestamp="2024-02-19T08:54:36 IST" skipped="0">
  <testcase classname="com.mystore.dataprovider.DataProviders" name="readExcel" time="0.991"/>
</testsuite> <!-- com.mystore.dataprovider.DataProviders -->
