<?xml version="1.0" encoding="UTF-8"?>
<!-- Generated by org.testng.reporters.JUnitReportReporter -->
<testsuite hostname="Jacob" failures="0" tests="1" name="com.mystore.testscripts.ReviewPaymentTest" time="26.034" errors="0" timestamp="2024-02-19T20:13:38 IST" skipped="0">
  <testcase classname="com.mystore.testscripts.ReviewPaymentTest" name="validatePriceCalculations" time="26.034"/>
</testsuite> <!-- com.mystore.testscripts.ReviewPaymentTest -->
