<?xml version="1.0" encoding="UTF-8"?>
<!-- Generated by org.testng.reporters.JUnitReportReporter -->
<testsuite hostname="Jacob" failures="0" tests="3" name="com.mystore.testscripts.AccountPageTets" time="35.274" errors="0" timestamp="2024-02-08T20:48:58 IST" skipped="0">
  <testcase classname="com.mystore.testscripts.AccountPageTets" name="verifyPaymentTab" time="12.721"/>
  <testcase classname="com.mystore.testscripts.AccountPageTets" name="verifyAccountPage" time="11.227"/>
  <testcase classname="com.mystore.testscripts.AccountPageTets" name="verifyMyOrder" time="11.326"/>
</testsuite> <!-- com.mystore.testscripts.AccountPageTets -->
