<?xml version="1.0" encoding="UTF-8"?>
<!-- Generated by org.testng.reporters.JUnitReportReporter -->
<testsuite hostname="Jacob" failures="0" tests="1" name="com.mystore.testscripts.EndToEndTest" time="44.869" errors="0" timestamp="2024-02-21T12:28:16 IST" skipped="0">
  <testcase classname="com.mystore.testscripts.EndToEndTest" name="endToEndTest" time="44.869"/>
</testsuite> <!-- com.mystore.testscripts.EndToEndTest -->
