<?xml version="1.0" encoding="UTF-8"?>
<!-- Generated by org.testng.reporters.JUnitReportReporter -->
<testsuite hostname="Jacob" failures="0" tests="1" name="com.mystore.testscripts.IndexPageTest" time="12.531" errors="0" timestamp="2024-02-10T20:55:02 IST" skipped="0">
  <testcase classname="com.mystore.testscripts.IndexPageTest" name="verifyLogo" time="12.531"/>
</testsuite> <!-- com.mystore.testscripts.IndexPageTest -->
