<?xml version="1.0" encoding="UTF-8"?>
<!-- Generated by org.testng.reporters.JUnitReportReporter -->
<testsuite hostname="Jacob" failures="0" tests="2" name="com.mystore.testscripts.AccountPageTets" time="25.235" errors="0" timestamp="2024-02-19T20:05:13 IST" skipped="0">
  <testcase classname="com.mystore.testscripts.AccountPageTets" name="verifyMyOrder" time="12.634"/>
  <testcase classname="com.mystore.testscripts.AccountPageTets" name="verifyPaymentTab" time="12.601"/>
</testsuite> <!-- com.mystore.testscripts.AccountPageTets -->
