<?xml version="1.0" encoding="UTF-8"?>
<!-- Generated by org.testng.reporters.JUnitReportReporter -->
<testsuite hostname="Jacob" failures="0" tests="4" name="com.mystore.testscripts.IndexPageTest" time="34.921" errors="0" timestamp="2024-03-16T16:29:36 IST" skipped="0">
  <testcase classname="com.mystore.testscripts.IndexPageTest" name="verifyLogo" time="8.492"/>
  <testcase classname="com.mystore.testscripts.IndexPageTest" name="verifyRegisterUserBtn" time="10.144"/>
  <testcase classname="com.mystore.testscripts.IndexPageTest" name="verifyTitle" time="7.400"/>
  <testcase classname="com.mystore.testscripts.IndexPageTest" name="verifySignInbtn" time="8.885"/>
</testsuite> <!-- com.mystore.testscripts.IndexPageTest -->
