<?xml version="1.0" encoding="UTF-8"?>
<!-- Generated by org.testng.reporters.JUnitReportReporter -->
<testsuite hostname="Jacob" failures="0" tests="2" name="com.mystore.testscripts.LoginPageTest" time="18.575" errors="0" timestamp="2024-02-19T20:04:01 IST" skipped="0">
  <testcase classname="com.mystore.testscripts.LoginPageTest" name="loginTest" time="11.474"/>
  <testcase classname="com.mystore.testscripts.LoginPageTest" name="verifyNewAccount" time="7.101"/>
</testsuite> <!-- com.mystore.testscripts.LoginPageTest -->
