<?xml version="1.0" encoding="UTF-8"?>
<!-- Generated by org.testng.reporters.JUnitReportReporter -->
<testsuite hostname="Jacob" failures="0" tests="1" name="com.mystore.testscripts.IndexPageTest" time="6.155" errors="0" timestamp="2024-02-10T05:23:33 IST" skipped="0">
  <testcase classname="com.mystore.testscripts.IndexPageTest" name="verifyLogo" time="6.155"/>
</testsuite> <!-- com.mystore.testscripts.IndexPageTest -->
