<?xml version="1.0" encoding="UTF-8"?>
<!-- Generated by org.testng.reporters.JUnitReportReporter -->
<testsuite hostname="Jacob" failures="0" tests="2" name="com.mystore.testscripts.SearchResultPageTest" time="15.656" errors="0" timestamp="2024-02-21T12:28:16 IST" skipped="0">
  <testcase classname="com.mystore.testscripts.SearchResultPageTest" name="checkProductAvailability" time="7.072"/>
  <testcase classname="com.mystore.testscripts.SearchResultPageTest" name="checkNoOfProduct" time="8.584"/>
</testsuite> <!-- com.mystore.testscripts.SearchResultPageTest -->
