<?xml version="1.0" encoding="UTF-8"?>
<!-- Generated by org.testng.reporters.JUnitReportReporter -->
<testsuite hostname="Jacob" failures="0" tests="1" name="com.mystore.testscripts.AddToCartPageTest" time="15.094" errors="0" timestamp="2024-02-09T03:20:55 IST" skipped="0">
  <testcase classname="com.mystore.testscripts.AddToCartPageTest" name="navigateToCheckoutPageTest" time="15.094"/>
</testsuite> <!-- com.mystore.testscripts.AddToCartPageTest -->
