<?xml version="1.0" encoding="UTF-8"?>
<!-- Generated by org.testng.reporters.JUnitReportReporter -->
<testsuite hostname="Jacob" failures="0" tests="2" name="com.mystore.testscripts.AddToCartPageTest" time="30.306" errors="0" timestamp="2024-02-21T12:28:16 IST" skipped="0">
  <testcase classname="com.mystore.testscripts.AddToCartPageTest" name="navigateToCheckoutPageTest" time="17.568"/>
  <testcase classname="com.mystore.testscripts.AddToCartPageTest" name="addCartTest" time="12.738"/>
</testsuite> <!-- com.mystore.testscripts.AddToCartPageTest -->
