<?xml version="1.0" encoding="UTF-8"?>
<!-- Generated by org.testng.reporters.JUnitReportReporter -->
<testsuite hostname="Jacob" failures="0" tests="4" name="com.mystore.testscripts.IndexPageTest" time="24.226" errors="0" timestamp="2024-02-19T20:04:01 IST" skipped="0">
  <testcase classname="com.mystore.testscripts.IndexPageTest" name="verifyLogo" time="5.670"/>
  <testcase classname="com.mystore.testscripts.IndexPageTest" name="verifyRegisterUserBtn" time="6.727"/>
  <testcase classname="com.mystore.testscripts.IndexPageTest" name="verifySignInbtn" time="6.515"/>
  <testcase classname="com.mystore.testscripts.IndexPageTest" name="verifyTitle" time="5.314"/>
</testsuite> <!-- com.mystore.testscripts.IndexPageTest -->
